Analysis & Synthesis report for Ball_thrower
Fri Dec 02 13:18:38 2022
Quartus Prime Version 16.1.0 Build 196 10/24/2016 SJ Lite Edition


---------------------
; Table of Contents ;
---------------------
  1. Legal Notice
  2. Analysis & Synthesis Summary
  3. Analysis & Synthesis Settings
  4. Parallel Compilation
  5. Analysis & Synthesis Source Files Read
  6. Analysis & Synthesis Resource Usage Summary
  7. Analysis & Synthesis Resource Utilization by Entity
  8. State Machine - |Ball_thrower|angle_power:aandp|S
  9. Registers Removed During Synthesis
 10. Removed Registers Triggering Further Register Optimizations
 11. General Register Statistics
 12. Multiplexer Restructuring Statistics (Restructuring Performed)
 13. Port Connectivity Checks: "VGA_Controller:VGA"
 14. Port Connectivity Checks: "angle_power:aandp"
 15. Post-Synthesis Netlist Statistics for Top Partition
 16. Elapsed Time Per Partition
 17. Analysis & Synthesis Messages
 18. Analysis & Synthesis Suppressed Messages



----------------
; Legal Notice ;
----------------
Copyright (C) 2016  Intel Corporation. All rights reserved.
Your use of Intel Corporation's design tools, logic functions 
and other software and tools, and its AMPP partner logic 
functions, and any output files from any of the foregoing 
(including device programming or simulation files), and any 
associated documentation or information are expressly subject 
to the terms and conditions of the Intel Program License 
Subscription Agreement, the Intel Quartus Prime License Agreement,
the Intel MegaCore Function License Agreement, or other 
applicable license agreement, including, without limitation, 
that your use is for the sole purpose of programming logic 
devices manufactured by Intel and sold by Intel or its 
authorized distributors.  Please refer to the applicable 
agreement for further details.



+----------------------------------------------------------------------------------+
; Analysis & Synthesis Summary                                                     ;
+------------------------------------+---------------------------------------------+
; Analysis & Synthesis Status        ; Successful - Fri Dec 02 13:18:38 2022       ;
; Quartus Prime Version              ; 16.1.0 Build 196 10/24/2016 SJ Lite Edition ;
; Revision Name                      ; Ball_thrower                                ;
; Top-level Entity Name              ; Ball_thrower                                ;
; Family                             ; Cyclone IV E                                ;
; Total logic elements               ; 2                                           ;
;     Total combinational functions  ; 1                                           ;
;     Dedicated logic registers      ; 2                                           ;
; Total registers                    ; 2                                           ;
; Total pins                         ; 52                                          ;
; Total virtual pins                 ; 0                                           ;
; Total memory bits                  ; 0                                           ;
; Embedded Multiplier 9-bit elements ; 0                                           ;
; Total PLLs                         ; 0                                           ;
+------------------------------------+---------------------------------------------+


+----------------------------------------------------------------------------------------------------------------------+
; Analysis & Synthesis Settings                                                                                        ;
+----------------------------------------------------------------------------+--------------------+--------------------+
; Option                                                                     ; Setting            ; Default Value      ;
+----------------------------------------------------------------------------+--------------------+--------------------+
; Device                                                                     ; EP4CE115F29C7      ;                    ;
; Top-level entity name                                                      ; Ball_thrower       ; Ball_thrower       ;
; Family name                                                                ; Cyclone IV E       ; Cyclone V          ;
; Use smart compilation                                                      ; Off                ; Off                ;
; Enable parallel Assembler and TimeQuest Timing Analyzer during compilation ; On                 ; On                 ;
; Enable compact report table                                                ; Off                ; Off                ;
; Restructure Multiplexers                                                   ; Auto               ; Auto               ;
; Create Debugging Nodes for IP Cores                                        ; Off                ; Off                ;
; Preserve fewer node names                                                  ; On                 ; On                 ;
; OpenCore Plus hardware evaluation                                          ; Enable             ; Enable             ;
; Verilog Version                                                            ; Verilog_2001       ; Verilog_2001       ;
; VHDL Version                                                               ; VHDL_1993          ; VHDL_1993          ;
; State Machine Processing                                                   ; Auto               ; Auto               ;
; Safe State Machine                                                         ; Off                ; Off                ;
; Extract Verilog State Machines                                             ; On                 ; On                 ;
; Extract VHDL State Machines                                                ; On                 ; On                 ;
; Ignore Verilog initial constructs                                          ; Off                ; Off                ;
; Iteration limit for constant Verilog loops                                 ; 5000               ; 5000               ;
; Iteration limit for non-constant Verilog loops                             ; 250                ; 250                ;
; Add Pass-Through Logic to Inferred RAMs                                    ; On                 ; On                 ;
; Infer RAMs from Raw Logic                                                  ; On                 ; On                 ;
; Parallel Synthesis                                                         ; On                 ; On                 ;
; DSP Block Balancing                                                        ; Auto               ; Auto               ;
; NOT Gate Push-Back                                                         ; On                 ; On                 ;
; Power-Up Don't Care                                                        ; On                 ; On                 ;
; Remove Redundant Logic Cells                                               ; Off                ; Off                ;
; Remove Duplicate Registers                                                 ; On                 ; On                 ;
; Ignore CARRY Buffers                                                       ; Off                ; Off                ;
; Ignore CASCADE Buffers                                                     ; Off                ; Off                ;
; Ignore GLOBAL Buffers                                                      ; Off                ; Off                ;
; Ignore ROW GLOBAL Buffers                                                  ; Off                ; Off                ;
; Ignore LCELL Buffers                                                       ; Off                ; Off                ;
; Ignore SOFT Buffers                                                        ; On                 ; On                 ;
; Limit AHDL Integers to 32 Bits                                             ; Off                ; Off                ;
; Optimization Technique                                                     ; Balanced           ; Balanced           ;
; Carry Chain Length                                                         ; 70                 ; 70                 ;
; Auto Carry Chains                                                          ; On                 ; On                 ;
; Auto Open-Drain Pins                                                       ; On                 ; On                 ;
; Perform WYSIWYG Primitive Resynthesis                                      ; Off                ; Off                ;
; Auto ROM Replacement                                                       ; On                 ; On                 ;
; Auto RAM Replacement                                                       ; On                 ; On                 ;
; Auto DSP Block Replacement                                                 ; On                 ; On                 ;
; Auto Shift Register Replacement                                            ; Auto               ; Auto               ;
; Allow Shift Register Merging across Hierarchies                            ; Auto               ; Auto               ;
; Auto Clock Enable Replacement                                              ; On                 ; On                 ;
; Strict RAM Replacement                                                     ; Off                ; Off                ;
; Allow Synchronous Control Signals                                          ; On                 ; On                 ;
; Force Use of Synchronous Clear Signals                                     ; Off                ; Off                ;
; Auto RAM Block Balancing                                                   ; On                 ; On                 ;
; Auto RAM to Logic Cell Conversion                                          ; Off                ; Off                ;
; Auto Resource Sharing                                                      ; Off                ; Off                ;
; Allow Any RAM Size For Recognition                                         ; Off                ; Off                ;
; Allow Any ROM Size For Recognition                                         ; Off                ; Off                ;
; Allow Any Shift Register Size For Recognition                              ; Off                ; Off                ;
; Use LogicLock Constraints during Resource Balancing                        ; On                 ; On                 ;
; Ignore translate_off and synthesis_off directives                          ; Off                ; Off                ;
; Timing-Driven Synthesis                                                    ; On                 ; On                 ;
; Report Parameter Settings                                                  ; On                 ; On                 ;
; Report Source Assignments                                                  ; On                 ; On                 ;
; Report Connectivity Checks                                                 ; On                 ; On                 ;
; Ignore Maximum Fan-Out Assignments                                         ; Off                ; Off                ;
; Synchronization Register Chain Length                                      ; 2                  ; 2                  ;
; PowerPlay Power Optimization During Synthesis                              ; Normal compilation ; Normal compilation ;
; HDL message level                                                          ; Level2             ; Level2             ;
; Suppress Register Optimization Related Messages                            ; Off                ; Off                ;
; Number of Removed Registers Reported in Synthesis Report                   ; 5000               ; 5000               ;
; Number of Swept Nodes Reported in Synthesis Report                         ; 5000               ; 5000               ;
; Number of Inverted Registers Reported in Synthesis Report                  ; 100                ; 100                ;
; Clock MUX Protection                                                       ; On                 ; On                 ;
; Auto Gated Clock Conversion                                                ; Off                ; Off                ;
; Block Design Naming                                                        ; Auto               ; Auto               ;
; SDC constraint protection                                                  ; Off                ; Off                ;
; Synthesis Effort                                                           ; Auto               ; Auto               ;
; Shift Register Replacement - Allow Asynchronous Clear Signal               ; On                 ; On                 ;
; Pre-Mapping Resynthesis Optimization                                       ; Off                ; Off                ;
; Analysis & Synthesis Message Level                                         ; Medium             ; Medium             ;
; Disable Register Merging Across Hierarchies                                ; Auto               ; Auto               ;
; Resource Aware Inference For Block RAM                                     ; On                 ; On                 ;
+----------------------------------------------------------------------------+--------------------+--------------------+


+------------------------------------------+
; Parallel Compilation                     ;
+----------------------------+-------------+
; Processors                 ; Number      ;
+----------------------------+-------------+
; Number detected on machine ; 8           ;
; Maximum allowed            ; 4           ;
;                            ;             ;
; Average used               ; 1.00        ;
; Maximum used               ; 4           ;
;                            ;             ;
; Usage by Processor         ; % Time Used ;
;     Processor 1            ; 100.0%      ;
;     Processors 2-4         ;   0.0%      ;
+----------------------------+-------------+


+---------------------------------------------------------------------------------------------------------------------------------------+
; Analysis & Synthesis Source Files Read                                                                                                ;
+----------------------------------+-----------------+------------------------+-----------------------------------------------+---------+
; File Name with User-Entered Path ; Used in Netlist ; File Type              ; File Name with Absolute Path                  ; Library ;
+----------------------------------+-----------------+------------------------+-----------------------------------------------+---------+
; Ball_thrower.v                   ; yes             ; User Verilog HDL File  ; M:/Verilog_ball_thrower-main/Ball_thrower.v   ;         ;
; VGA_Controller.v                 ; yes             ; User Verilog HDL File  ; M:/Verilog_ball_thrower-main/VGA_Controller.v ;         ;
; angle_power.v                    ; yes             ; User Verilog HDL File  ; M:/Verilog_ball_thrower-main/angle_power.v    ;         ;
; switch_clock.v                   ; yes             ; User Verilog HDL File  ; M:/Verilog_ball_thrower-main/switch_clock.v   ;         ;
+----------------------------------+-----------------+------------------------+-----------------------------------------------+---------+


+---------------------------------------------------------------------+
; Analysis & Synthesis Resource Usage Summary                         ;
+---------------------------------------------+-----------------------+
; Resource                                    ; Usage                 ;
+---------------------------------------------+-----------------------+
; Estimated Total logic elements              ; 2                     ;
;                                             ;                       ;
; Total combinational functions               ; 1                     ;
; Logic element usage by number of LUT inputs ;                       ;
;     -- 4 input functions                    ; 0                     ;
;     -- 3 input functions                    ; 0                     ;
;     -- <=2 input functions                  ; 1                     ;
;                                             ;                       ;
; Logic elements by mode                      ;                       ;
;     -- normal mode                          ; 1                     ;
;     -- arithmetic mode                      ; 0                     ;
;                                             ;                       ;
; Total registers                             ; 2                     ;
;     -- Dedicated logic registers            ; 2                     ;
;     -- I/O registers                        ; 0                     ;
;                                             ;                       ;
; I/O pins                                    ; 52                    ;
;                                             ;                       ;
; Embedded Multiplier 9-bit elements          ; 0                     ;
;                                             ;                       ;
; Maximum fan-out node                        ; switch_clock:clocks|i ;
; Maximum fan-out                             ; 2                     ;
; Total fan-out                               ; 58                    ;
; Average fan-out                             ; 0.54                  ;
+---------------------------------------------+-----------------------+


+-------------------------------------------------------------------------------------------------------------------------------------------------------------------------------------------------------------------------+
; Analysis & Synthesis Resource Utilization by Entity                                                                                                                                                                     ;
+----------------------------+---------------------+---------------------------+-------------+--------------+---------+-----------+------+--------------+-----------------------------------+--------------+--------------+
; Compilation Hierarchy Node ; Combinational ALUTs ; Dedicated Logic Registers ; Memory Bits ; DSP Elements ; DSP 9x9 ; DSP 18x18 ; Pins ; Virtual Pins ; Full Hierarchy Name               ; Entity Name  ; Library Name ;
+----------------------------+---------------------+---------------------------+-------------+--------------+---------+-----------+------+--------------+-----------------------------------+--------------+--------------+
; |Ball_thrower              ; 1 (0)               ; 2 (0)                     ; 0           ; 0            ; 0       ; 0         ; 52   ; 0            ; |Ball_thrower                     ; Ball_thrower ; work         ;
;    |switch_clock:clocks|   ; 1 (1)               ; 2 (2)                     ; 0           ; 0            ; 0       ; 0         ; 0    ; 0            ; |Ball_thrower|switch_clock:clocks ; switch_clock ; work         ;
+----------------------------+---------------------+---------------------------+-------------+--------------+---------+-----------+------+--------------+-----------------------------------+--------------+--------------+
Note: For table entries with two numbers listed, the numbers in parentheses indicate the number of resources of the given type used by the specific entity alone. The numbers listed outside of parentheses indicate the total resources of the given type used by the specific entity and all of its sub-entities in the hierarchy.


Encoding Type:  One-Hot
+--------------------------------------------------------------------------+
; State Machine - |Ball_thrower|angle_power:aandp|S                        ;
+-------------+-----------+-------------+-----------+-------------+--------+
; Name        ; S.ANGLEUP ; S.POWERDOWN ; S.POWERUP ; S.ANGLEDOWN ; S.STAY ;
+-------------+-----------+-------------+-----------+-------------+--------+
; S.STAY      ; 0         ; 0           ; 0         ; 0           ; 0      ;
; S.ANGLEDOWN ; 0         ; 0           ; 0         ; 1           ; 1      ;
; S.POWERUP   ; 0         ; 0           ; 1         ; 0           ; 1      ;
; S.POWERDOWN ; 0         ; 1           ; 0         ; 0           ; 1      ;
; S.ANGLEUP   ; 1         ; 0           ; 0         ; 0           ; 1      ;
+-------------+-----------+-------------+-----------+-------------+--------+


+---------------------------------------------------------------------------------+
; Registers Removed During Synthesis                                              ;
+----------------------------------------+----------------------------------------+
; Register name                          ; Reason for Removal                     ;
+----------------------------------------+----------------------------------------+
; VGA_B[1]~reg0                          ; Stuck at GND due to stuck port data_in ;
; VGA_B[0]~reg0                          ; Stuck at GND due to stuck port data_in ;
; VGA_B[2]~reg0                          ; Stuck at GND due to stuck port data_in ;
; VGA_B[3]~reg0                          ; Stuck at GND due to stuck port data_in ;
; VGA_B[4]~reg0                          ; Stuck at GND due to stuck port data_in ;
; VGA_B[5]~reg0                          ; Stuck at GND due to stuck port data_in ;
; VGA_B[6]~reg0                          ; Stuck at GND due to stuck port data_in ;
; VGA_B[7]~reg0                          ; Stuck at GND due to stuck port data_in ;
; VGA_G[0]~reg0                          ; Stuck at GND due to stuck port data_in ;
; VGA_G[1]~reg0                          ; Stuck at GND due to stuck port data_in ;
; VGA_G[2]~reg0                          ; Stuck at GND due to stuck port data_in ;
; VGA_G[3]~reg0                          ; Stuck at GND due to stuck port data_in ;
; VGA_G[4]~reg0                          ; Stuck at GND due to stuck port data_in ;
; VGA_G[5]~reg0                          ; Stuck at GND due to stuck port data_in ;
; VGA_G[6]~reg0                          ; Stuck at GND due to stuck port data_in ;
; VGA_G[7]~reg0                          ; Stuck at GND due to stuck port data_in ;
; VGA_R[0]~reg0                          ; Stuck at GND due to stuck port data_in ;
; VGA_R[1]~reg0                          ; Stuck at GND due to stuck port data_in ;
; VGA_R[2]~reg0                          ; Stuck at GND due to stuck port data_in ;
; VGA_R[3]~reg0                          ; Stuck at GND due to stuck port data_in ;
; VGA_R[4]~reg0                          ; Stuck at GND due to stuck port data_in ;
; VGA_R[5]~reg0                          ; Stuck at GND due to stuck port data_in ;
; VGA_R[6]~reg0                          ; Stuck at GND due to stuck port data_in ;
; VGA_R[7]~reg0                          ; Stuck at GND due to stuck port data_in ;
; angle_power:aandp|S~2                  ; Lost fanout                            ;
; angle_power:aandp|S~3                  ; Lost fanout                            ;
; angle_power:aandp|Ang[0..4]            ; Lost fanout                            ;
; angle_power:aandp|Vel[0..2]            ; Lost fanout                            ;
; switch_clock:clocks|update             ; Lost fanout                            ;
; switch_clock:clocks|count[0..21]       ; Lost fanout                            ;
; angle_power:aandp|S.STAY               ; Lost fanout                            ;
; angle_power:aandp|S.ANGLEDOWN          ; Lost fanout                            ;
; angle_power:aandp|S.POWERUP            ; Lost fanout                            ;
; angle_power:aandp|S.POWERDOWN          ; Lost fanout                            ;
; angle_power:aandp|S.ANGLEUP            ; Lost fanout                            ;
; Total Number of Removed Registers = 62 ;                                        ;
+----------------------------------------+----------------------------------------+


+------------------------------------------------------------------------------------------------------------------------------------+
; Removed Registers Triggering Further Register Optimizations                                                                        ;
+--------------------------+--------------------+------------------------------------------------------------------------------------+
; Register name            ; Reason for Removal ; Registers Removed due to This Register                                             ;
+--------------------------+--------------------+------------------------------------------------------------------------------------+
; angle_power:aandp|S~2    ; Lost Fanouts       ; switch_clock:clocks|update, switch_clock:clocks|count[2],                          ;
;                          ;                    ; switch_clock:clocks|count[1], switch_clock:clocks|count[0],                        ;
;                          ;                    ; switch_clock:clocks|count[3], switch_clock:clocks|count[4],                        ;
;                          ;                    ; switch_clock:clocks|count[5], switch_clock:clocks|count[6],                        ;
;                          ;                    ; switch_clock:clocks|count[7], switch_clock:clocks|count[8],                        ;
;                          ;                    ; switch_clock:clocks|count[9], switch_clock:clocks|count[10],                       ;
;                          ;                    ; switch_clock:clocks|count[11], switch_clock:clocks|count[12],                      ;
;                          ;                    ; switch_clock:clocks|count[13], switch_clock:clocks|count[14],                      ;
;                          ;                    ; switch_clock:clocks|count[15], switch_clock:clocks|count[16],                      ;
;                          ;                    ; switch_clock:clocks|count[17], switch_clock:clocks|count[18],                      ;
;                          ;                    ; switch_clock:clocks|count[19], switch_clock:clocks|count[20],                      ;
;                          ;                    ; switch_clock:clocks|count[21], angle_power:aandp|S.STAY,                           ;
;                          ;                    ; angle_power:aandp|S.POWERDOWN                                                      ;
; angle_power:aandp|Ang[4] ; Lost Fanouts       ; angle_power:aandp|Ang[0], angle_power:aandp|Ang[1], angle_power:aandp|S.ANGLEDOWN, ;
;                          ;                    ; angle_power:aandp|S.ANGLEUP                                                        ;
; angle_power:aandp|Vel[2] ; Lost Fanouts       ; angle_power:aandp|Vel[0], angle_power:aandp|Vel[1], angle_power:aandp|S.POWERUP    ;
+--------------------------+--------------------+------------------------------------------------------------------------------------+


+------------------------------------------------------+
; General Register Statistics                          ;
+----------------------------------------------+-------+
; Statistic                                    ; Value ;
+----------------------------------------------+-------+
; Total registers                              ; 2     ;
; Number of registers using Synchronous Clear  ; 0     ;
; Number of registers using Synchronous Load   ; 0     ;
; Number of registers using Asynchronous Clear ; 0     ;
; Number of registers using Asynchronous Load  ; 0     ;
; Number of registers using Clock Enable       ; 0     ;
; Number of registers using Preset             ; 0     ;
+----------------------------------------------+-------+


+------------------------------------------------------------------------------------------------------------------------------------------------------+
; Multiplexer Restructuring Statistics (Restructuring Performed)                                                                                       ;
+--------------------+-----------+---------------+----------------------+------------------------+------------+----------------------------------------+
; Multiplexer Inputs ; Bus Width ; Baseline Area ; Area if Restructured ; Saving if Restructured ; Registered ; Example Multiplexer Output             ;
+--------------------+-----------+---------------+----------------------+------------------------+------------+----------------------------------------+
; 3:1                ; 5 bits    ; 10 LEs        ; 5 LEs                ; 5 LEs                  ; Yes        ; |Ball_thrower|angle_power:aandp|Ang[4] ;
; 3:1                ; 3 bits    ; 6 LEs         ; 3 LEs                ; 3 LEs                  ; Yes        ; |Ball_thrower|angle_power:aandp|Vel[2] ;
+--------------------+-----------+---------------+----------------------+------------------------+------------+----------------------------------------+


+----------------------------------------------------------------------------------------------------------------------+
; Port Connectivity Checks: "VGA_Controller:VGA"                                                                       ;
+------------+--------+----------+-------------------------------------------------------------------------------------+
; Port       ; Type   ; Severity ; Details                                                                             ;
+------------+--------+----------+-------------------------------------------------------------------------------------+
; ScreenArea ; Output ; Info     ; Connected to dangling logic. Logic that only feeds a dangling port will be removed. ;
; hsync      ; Output ; Info     ; Connected to dangling logic. Logic that only feeds a dangling port will be removed. ;
; vsync      ; Output ; Info     ; Connected to dangling logic. Logic that only feeds a dangling port will be removed. ;
; blank_n    ; Output ; Info     ; Connected to dangling logic. Logic that only feeds a dangling port will be removed. ;
+------------+--------+----------+-------------------------------------------------------------------------------------+


+--------------------------------------------------------------------------------------------------------------------------------------+
; Port Connectivity Checks: "angle_power:aandp"                                                                                        ;
+-------+--------+----------+----------------------------------------------------------------------------------------------------------+
; Port  ; Type   ; Severity ; Details                                                                                                  ;
+-------+--------+----------+----------------------------------------------------------------------------------------------------------+
; arrow ; Output ; Info     ; Connected to dangling logic. Logic that only feeds a dangling port will be removed.                      ;
; Vel   ; Output ; Warning  ; Declared by entity but not connected by instance. Logic that only feeds a dangling port will be removed. ;
; Ang   ; Output ; Warning  ; Declared by entity but not connected by instance. Logic that only feeds a dangling port will be removed. ;
+-------+--------+----------+----------------------------------------------------------------------------------------------------------+


+-----------------------------------------------------+
; Post-Synthesis Netlist Statistics for Top Partition ;
+-----------------------+-----------------------------+
; Type                  ; Count                       ;
+-----------------------+-----------------------------+
; boundary_port         ; 52                          ;
; cycloneiii_ff         ; 2                           ;
;     plain             ; 2                           ;
; cycloneiii_lcell_comb ; 2                           ;
;     normal            ; 2                           ;
;         0 data inputs ; 1                           ;
;         1 data inputs ; 1                           ;
;                       ;                             ;
; Max LUT depth         ; 1.00                        ;
; Average LUT depth     ; 0.40                        ;
+-----------------------+-----------------------------+


+-------------------------------+
; Elapsed Time Per Partition    ;
+----------------+--------------+
; Partition Name ; Elapsed Time ;
+----------------+--------------+
; Top            ; 00:00:00     ;
+----------------+--------------+


+-------------------------------+
; Analysis & Synthesis Messages ;
+-------------------------------+
Info: *******************************************************************
Info: Running Quartus Prime Analysis & Synthesis
    Info: Version 16.1.0 Build 196 10/24/2016 SJ Lite Edition
    Info: Processing started: Fri Dec 02 13:18:27 2022
Info: Command: quartus_map --read_settings_files=on --write_settings_files=off Ball_thrower -c Ball_thrower
Warning (18236): Number of processors has not been specified which may cause overloading on shared machines.  Set the global assignment NUM_PARALLEL_PROCESSORS in your QSF to an appropriate value for best performance.
Info (20030): Parallel compilation is enabled and will use 4 of the 4 processors detected
Info (12021): Found 1 design units, including 1 entities, in source file ball_thrower.v
    Info (12023): Found entity 1: Ball_thrower File: M:/Verilog_ball_thrower-main/Ball_thrower.v Line: 1
Warning (12019): Can't analyze file -- file field_generate.v is missing
Info (12021): Found 1 design units, including 1 entities, in source file vga_controller.v
    Info (12023): Found entity 1: VGA_Controller File: M:/Verilog_ball_thrower-main/VGA_Controller.v Line: 1
Info (12021): Found 1 design units, including 1 entities, in source file angle_power.v
    Info (12023): Found entity 1: angle_power File: M:/Verilog_ball_thrower-main/angle_power.v Line: 1
Warning (10238): Verilog Module Declaration warning at ball.v(1): ignored anonymous port(s) indicated by duplicate or dangling comma(s) in the port list for module "ball" File: M:/Verilog_ball_thrower-main/ball.v Line: 1
Info (12021): Found 1 design units, including 1 entities, in source file ball.v
    Info (12023): Found entity 1: ball File: M:/Verilog_ball_thrower-main/ball.v Line: 1
Info (12021): Found 1 design units, including 1 entities, in source file switch_clock.v
    Info (12023): Found entity 1: switch_clock File: M:/Verilog_ball_thrower-main/switch_clock.v Line: 1
Info (12021): Found 1 design units, including 1 entities, in source file vxinitial.v
    Info (12023): Found entity 1: vxinitial File: M:/Verilog_ball_thrower-main/vxinitial.v Line: 40
Info (12021): Found 1 design units, including 1 entities, in source file look_up.v
    Info (12023): Found entity 1: Look_Up File: M:/Verilog_ball_thrower-main/Look_up.v Line: 1
Warning (10236): Verilog HDL Implicit Net warning at Ball_thrower.v(55): created implicit net for "hsync" File: M:/Verilog_ball_thrower-main/Ball_thrower.v Line: 55
Warning (10236): Verilog HDL Implicit Net warning at Ball_thrower.v(55): created implicit net for "vsync" File: M:/Verilog_ball_thrower-main/Ball_thrower.v Line: 55
Warning (10236): Verilog HDL Implicit Net warning at Ball_thrower.v(55): created implicit net for "blank_n" File: M:/Verilog_ball_thrower-main/Ball_thrower.v Line: 55
Info (12127): Elaborating entity "Ball_thrower" for the top level hierarchy
Warning (10858): Verilog HDL warning at Ball_thrower.v(57): object R used but never assigned File: M:/Verilog_ball_thrower-main/Ball_thrower.v Line: 57
Warning (10858): Verilog HDL warning at Ball_thrower.v(58): object G used but never assigned File: M:/Verilog_ball_thrower-main/Ball_thrower.v Line: 58
Warning (10858): Verilog HDL warning at Ball_thrower.v(59): object B used but never assigned File: M:/Verilog_ball_thrower-main/Ball_thrower.v Line: 59
Warning (10030): Net "R" at Ball_thrower.v(57) has no driver or initial value, using a default initial value '0' File: M:/Verilog_ball_thrower-main/Ball_thrower.v Line: 57
Warning (10030): Net "G" at Ball_thrower.v(58) has no driver or initial value, using a default initial value '0' File: M:/Verilog_ball_thrower-main/Ball_thrower.v Line: 58
Warning (10030): Net "B" at Ball_thrower.v(59) has no driver or initial value, using a default initial value '0' File: M:/Verilog_ball_thrower-main/Ball_thrower.v Line: 59
Warning (10034): Output port "VGA_HS" at Ball_thrower.v(13) has no driver File: M:/Verilog_ball_thrower-main/Ball_thrower.v Line: 13
Warning (10034): Output port "VGA_VS" at Ball_thrower.v(14) has no driver File: M:/Verilog_ball_thrower-main/Ball_thrower.v Line: 14
Warning (10034): Output port "VGA_BLANK_N" at Ball_thrower.v(15) has no driver File: M:/Verilog_ball_thrower-main/Ball_thrower.v Line: 15
Warning (10034): Output port "VGA_SYNC_N" at Ball_thrower.v(16) has no driver File: M:/Verilog_ball_thrower-main/Ball_thrower.v Line: 16
Info (12128): Elaborating entity "switch_clock" for hierarchy "switch_clock:clocks" File: M:/Verilog_ball_thrower-main/Ball_thrower.v Line: 31
Info (12128): Elaborating entity "angle_power" for hierarchy "angle_power:aandp" File: M:/Verilog_ball_thrower-main/Ball_thrower.v Line: 46
Info (12128): Elaborating entity "VGA_Controller" for hierarchy "VGA_Controller:VGA" File: M:/Verilog_ball_thrower-main/Ball_thrower.v Line: 55
Warning (12241): 1 hierarchies have connectivity warnings - see the Connectivity Checks report folder
Warning (13024): Output pins are stuck at VCC or GND
    Warning (13410): Pin "VGA_HS" is stuck at GND File: M:/Verilog_ball_thrower-main/Ball_thrower.v Line: 13
    Warning (13410): Pin "VGA_VS" is stuck at GND File: M:/Verilog_ball_thrower-main/Ball_thrower.v Line: 14
    Warning (13410): Pin "VGA_BLANK_N" is stuck at GND File: M:/Verilog_ball_thrower-main/Ball_thrower.v Line: 15
    Warning (13410): Pin "VGA_SYNC_N" is stuck at GND File: M:/Verilog_ball_thrower-main/Ball_thrower.v Line: 16
    Warning (13410): Pin "VGA_R[0]" is stuck at GND File: M:/Verilog_ball_thrower-main/Ball_thrower.v Line: 70
    Warning (13410): Pin "VGA_R[1]" is stuck at GND File: M:/Verilog_ball_thrower-main/Ball_thrower.v Line: 70
    Warning (13410): Pin "VGA_R[2]" is stuck at GND File: M:/Verilog_ball_thrower-main/Ball_thrower.v Line: 70
    Warning (13410): Pin "VGA_R[3]" is stuck at GND File: M:/Verilog_ball_thrower-main/Ball_thrower.v Line: 70
    Warning (13410): Pin "VGA_R[4]" is stuck at GND File: M:/Verilog_ball_thrower-main/Ball_thrower.v Line: 70
    Warning (13410): Pin "VGA_R[5]" is stuck at GND File: M:/Verilog_ball_thrower-main/Ball_thrower.v Line: 70
    Warning (13410): Pin "VGA_R[6]" is stuck at GND File: M:/Verilog_ball_thrower-main/Ball_thrower.v Line: 70
    Warning (13410): Pin "VGA_R[7]" is stuck at GND File: M:/Verilog_ball_thrower-main/Ball_thrower.v Line: 70
    Warning (13410): Pin "VGA_G[0]" is stuck at GND File: M:/Verilog_ball_thrower-main/Ball_thrower.v Line: 70
    Warning (13410): Pin "VGA_G[1]" is stuck at GND File: M:/Verilog_ball_thrower-main/Ball_thrower.v Line: 70
    Warning (13410): Pin "VGA_G[2]" is stuck at GND File: M:/Verilog_ball_thrower-main/Ball_thrower.v Line: 70
    Warning (13410): Pin "VGA_G[3]" is stuck at GND File: M:/Verilog_ball_thrower-main/Ball_thrower.v Line: 70
    Warning (13410): Pin "VGA_G[4]" is stuck at GND File: M:/Verilog_ball_thrower-main/Ball_thrower.v Line: 70
    Warning (13410): Pin "VGA_G[5]" is stuck at GND File: M:/Verilog_ball_thrower-main/Ball_thrower.v Line: 70
    Warning (13410): Pin "VGA_G[6]" is stuck at GND File: M:/Verilog_ball_thrower-main/Ball_thrower.v Line: 70
    Warning (13410): Pin "VGA_G[7]" is stuck at GND File: M:/Verilog_ball_thrower-main/Ball_thrower.v Line: 70
    Warning (13410): Pin "VGA_B[0]" is stuck at GND File: M:/Verilog_ball_thrower-main/Ball_thrower.v Line: 70
    Warning (13410): Pin "VGA_B[1]" is stuck at GND File: M:/Verilog_ball_thrower-main/Ball_thrower.v Line: 70
    Warning (13410): Pin "VGA_B[2]" is stuck at GND File: M:/Verilog_ball_thrower-main/Ball_thrower.v Line: 70
    Warning (13410): Pin "VGA_B[3]" is stuck at GND File: M:/Verilog_ball_thrower-main/Ball_thrower.v Line: 70
    Warning (13410): Pin "VGA_B[4]" is stuck at GND File: M:/Verilog_ball_thrower-main/Ball_thrower.v Line: 70
    Warning (13410): Pin "VGA_B[5]" is stuck at GND File: M:/Verilog_ball_thrower-main/Ball_thrower.v Line: 70
    Warning (13410): Pin "VGA_B[6]" is stuck at GND File: M:/Verilog_ball_thrower-main/Ball_thrower.v Line: 70
    Warning (13410): Pin "VGA_B[7]" is stuck at GND File: M:/Verilog_ball_thrower-main/Ball_thrower.v Line: 70
Info (286030): Timing-Driven Synthesis is running
Info (17049): 38 registers lost all their fanouts during netlist optimizations.
Info (144001): Generated suppressed messages file M:/Verilog_ball_thrower-main/output_files/Ball_thrower.map.smsg
Info (16010): Generating hard_block partition "hard_block:auto_generated_inst"
    Info (16011): Adding 0 node(s), including 0 DDIO, 0 PLL, 0 transceiver and 0 LCELL
Warning (21074): Design contains 22 input pin(s) that do not drive logic
    Warning (15610): No output dependent on input pin "SW[0]" File: M:/Verilog_ball_thrower-main/Ball_thrower.v Line: 9
    Warning (15610): No output dependent on input pin "SW[1]" File: M:/Verilog_ball_thrower-main/Ball_thrower.v Line: 9
    Warning (15610): No output dependent on input pin "SW[2]" File: M:/Verilog_ball_thrower-main/Ball_thrower.v Line: 9
    Warning (15610): No output dependent on input pin "SW[3]" File: M:/Verilog_ball_thrower-main/Ball_thrower.v Line: 9
    Warning (15610): No output dependent on input pin "SW[4]" File: M:/Verilog_ball_thrower-main/Ball_thrower.v Line: 9
    Warning (15610): No output dependent on input pin "SW[5]" File: M:/Verilog_ball_thrower-main/Ball_thrower.v Line: 9
    Warning (15610): No output dependent on input pin "SW[6]" File: M:/Verilog_ball_thrower-main/Ball_thrower.v Line: 9
    Warning (15610): No output dependent on input pin "SW[7]" File: M:/Verilog_ball_thrower-main/Ball_thrower.v Line: 9
    Warning (15610): No output dependent on input pin "SW[8]" File: M:/Verilog_ball_thrower-main/Ball_thrower.v Line: 9
    Warning (15610): No output dependent on input pin "SW[9]" File: M:/Verilog_ball_thrower-main/Ball_thrower.v Line: 9
    Warning (15610): No output dependent on input pin "SW[10]" File: M:/Verilog_ball_thrower-main/Ball_thrower.v Line: 9
    Warning (15610): No output dependent on input pin "SW[11]" File: M:/Verilog_ball_thrower-main/Ball_thrower.v Line: 9
    Warning (15610): No output dependent on input pin "SW[12]" File: M:/Verilog_ball_thrower-main/Ball_thrower.v Line: 9
    Warning (15610): No output dependent on input pin "SW[13]" File: M:/Verilog_ball_thrower-main/Ball_thrower.v Line: 9
    Warning (15610): No output dependent on input pin "SW[14]" File: M:/Verilog_ball_thrower-main/Ball_thrower.v Line: 9
    Warning (15610): No output dependent on input pin "SW[15]" File: M:/Verilog_ball_thrower-main/Ball_thrower.v Line: 9
    Warning (15610): No output dependent on input pin "SW[16]" File: M:/Verilog_ball_thrower-main/Ball_thrower.v Line: 9
    Warning (15610): No output dependent on input pin "KEY[0]" File: M:/Verilog_ball_thrower-main/Ball_thrower.v Line: 6
    Warning (15610): No output dependent on input pin "KEY[1]" File: M:/Verilog_ball_thrower-main/Ball_thrower.v Line: 6
    Warning (15610): No output dependent on input pin "KEY[2]" File: M:/Verilog_ball_thrower-main/Ball_thrower.v Line: 6
    Warning (15610): No output dependent on input pin "KEY[3]" File: M:/Verilog_ball_thrower-main/Ball_thrower.v Line: 6
    Warning (15610): No output dependent on input pin "SW[17]" File: M:/Verilog_ball_thrower-main/Ball_thrower.v Line: 9
Info (21057): Implemented 54 device resources after synthesis - the final resource count might be different
    Info (21058): Implemented 23 input pins
    Info (21059): Implemented 29 output pins
    Info (21061): Implemented 2 logic cells
Info: Quartus Prime Analysis & Synthesis was successful. 0 errors, 69 warnings
    Info: Peak virtual memory: 4770 megabytes
    Info: Processing ended: Fri Dec 02 13:18:38 2022
    Info: Elapsed time: 00:00:11
    Info: Total CPU time (on all processors): 00:00:21


+------------------------------------------+
; Analysis & Synthesis Suppressed Messages ;
+------------------------------------------+
The suppressed messages can be found in M:/Verilog_ball_thrower-main/output_files/Ball_thrower.map.smsg.


